<?xml version="1.0" encoding="UTF-8"?>
<!-- Generated by org.testng.reporters.JUnitReportReporter -->
<testsuite hostname="DESKTOP-323PJCK" failures="0" tests="1" name="Task.validateWicketKeeper" time="0.008" errors="0" timestamp="2022-07-14T11:29:24 PDT" skipped="0">
  <testcase classname="Task.validateWicketKeeper" name="ValidateWicketKeeperTest" time="0.008"/>
  <system-out/>
</testsuite> <!-- Task.validateWicketKeeper -->
