<?xml version="1.0" encoding="UTF-8"?>
<!-- Generated by org.testng.reporters.JUnitReportReporter -->
<testsuite hostname="DESKTOP-323PJCK" failures="0" tests="1" name="Task.validateWicketKeeper" time="0.011" errors="0" timestamp="2022-07-15T08:49:06 PDT" skipped="0">
  <testcase classname="Task.validateWicketKeeper" name="ValidateWicketKeeperTest" time="0.011"/>
  <system-out>
    <![CDATA[Team has 1 wicket Keeper]]>
  </system-out>
</testsuite> <!-- Task.validateWicketKeeper -->
