<?xml version="1.0" encoding="UTF-8"?>
<!-- Generated by org.testng.reporters.JUnitReportReporter -->
<testsuite hostname="DESKTOP-323PJCK" failures="0" tests="1" name="Task.ValidateForeignPlayers" time="0.022" errors="0" timestamp="2022-07-14T10:28:44 PDT" skipped="0">
  <testcase classname="Task.ValidateForeignPlayers" name="validateForeignPlayersTest" time="0.022"/>
  <system-out/>
</testsuite> <!-- Task.ValidateForeignPlayers -->
