<?xml version="1.0" encoding="UTF-8"?>
<!-- Generated by org.testng.reporters.JUnitReportReporter -->
<testsuite hostname="DESKTOP-323PJCK" failures="0" tests="1" name="Task.ValidateForeignPlayers" time="0.004" errors="0" timestamp="2022-07-15T08:49:06 PDT" skipped="0">
  <testcase classname="Task.ValidateForeignPlayers" name="validateForeignPlayersTest" time="0.004"/>
  <system-out>
    <![CDATA[Team has only 4 Foreign Players]]>
  </system-out>
</testsuite> <!-- Task.ValidateForeignPlayers -->
